<?xml version="1.0" encoding="UTF-8"?>
<!-- Generated by org.testng.reporters.JUnitReportReporter -->
<testsuite hostname="Gaurav" failures="0" tests="1" name="TestPackage.Test_Case_5" time="0.631" errors="0" timestamp="2024-03-09T11:21:33 IST" skipped="0">
  <testcase classname="TestPackage.Test_Case_5" name="executor" time="0.631"/>
</testsuite> <!-- TestPackage.Test_Case_5 -->
