<?xml version="1.0" encoding="UTF-8"?>
<!-- Generated by org.testng.reporters.JUnitReportReporter -->
<testsuite hostname="Gaurav" failures="0" tests="1" name="TestPackage.TestNg_Annotation_RestAssured" time="5.166" errors="0" timestamp="2024-03-08T09:42:07 IST" skipped="0">
  <testcase classname="TestPackage.TestNg_Annotation_RestAssured" name="validator" time="5.166"/>
</testsuite> <!-- TestPackage.TestNg_Annotation_RestAssured -->
