<?xml version="1.0" encoding="UTF-8"?>
<!-- Generated by org.testng.reporters.JUnitReportReporter -->
<testsuite hostname="Gaurav" failures="0" tests="2" name="TestPackage.TestNG_DataProvider_SameClass" time="1.243" errors="0" timestamp="2024-03-08T09:42:07 IST" skipped="0">
  <testcase classname="TestPackage.TestNG_DataProvider_SameClass" name="validator" time="0.663"/>
  <testcase classname="TestPackage.TestNG_DataProvider_SameClass" name="validator" time="0.580"/>
</testsuite> <!-- TestPackage.TestNG_DataProvider_SameClass -->
