<?xml version="1.0" encoding="UTF-8"?>
<!-- Generated by org.testng.reporters.JUnitReportReporter -->
<testsuite hostname="Gaurav" failures="0" tests="1" name="TestPackage.Test_Case_1" time="7.024" errors="0" timestamp="2024-03-09T11:21:33 IST" skipped="0">
  <testcase classname="TestPackage.Test_Case_1" name="executor" time="7.024"/>
</testsuite> <!-- TestPackage.Test_Case_1 -->
